<?xml version="1.0" encoding="UTF-8"?>
<!-- Generated by org.testng.reporters.JUnitReportReporter -->
<testsuite hostname="BANRAOAD-M" failures="0" tests="1" name="api_Multiple_Req.Default_Req_Spec" time="2.823" errors="0" timestamp="2024-06-02T21:32:20 IST" skipped="0">
  <testcase classname="api_Multiple_Req.Default_Req_Spec" name="Test1" time="2.823"/>
</testsuite> <!-- api_Multiple_Req.Default_Req_Spec -->
