<?xml version="1.0" encoding="UTF-8"?>
<!-- Generated by org.testng.reporters.JUnitReportReporter -->
<testsuite hostname="BANRAOAD-M" failures="0" tests="1" name="api_Multiple_Req.Get_All_Workspaces_non_BDD" time="4.089" errors="0" timestamp="2024-06-12T19:51:15 IST" skipped="0">
  <testcase classname="api_Multiple_Req.Get_All_Workspaces_non_BDD" name="Test1" time="4.089"/>
</testsuite> <!-- api_Multiple_Req.Get_All_Workspaces_non_BDD -->
