<?xml version="1.0" encoding="UTF-8"?>
<!-- Generated by org.testng.reporters.JUnitReportReporter -->
<testsuite hostname="BANRAOAD-M" failures="0" tests="1" name="api_Multiple_Req.Payload_Json_Object" time="7.087" errors="0" timestamp="2024-06-12T20:32:16 IST" skipped="0">
  <testcase classname="api_Multiple_Req.Payload_Json_Object" name="Createws_from_Jsonobject" time="7.087"/>
</testsuite> <!-- api_Multiple_Req.Payload_Json_Object -->
