<?xml version="1.0" encoding="UTF-8"?>
<!-- Generated by org.testng.reporters.JUnitReportReporter -->
<testsuite hostname="BANRAOAD-M" failures="0" tests="1" name="api_Udemy_Learning.MultipleFormdata" time="3.934" errors="0" timestamp="2024-06-14T17:06:37 IST" skipped="0">
  <testcase classname="api_Udemy_Learning.MultipleFormdata" name="formdata" time="3.934"/>
</testsuite> <!-- api_Udemy_Learning.MultipleFormdata -->
