<?xml version="1.0" encoding="UTF-8"?>
<!-- Generated by org.testng.reporters.JUnitReportReporter -->
<testsuite hostname="BANRAOAD-M" failures="0" tests="1" name="api_Multiple_Req.Delete_Workspace" time="5.992" errors="0" timestamp="2024-06-12T20:33:55 IST" skipped="0">
  <testcase classname="api_Multiple_Req.Delete_Workspace" name="DeleteWS" time="5.992"/>
</testsuite> <!-- api_Multiple_Req.Delete_Workspace -->
