<?xml version="1.0" encoding="UTF-8"?>
<!-- Generated by org.testng.reporters.JUnitReportReporter -->
<testsuite hostname="BANRAOAD-M" failures="0" tests="2" name="api_Multiple_Req.BefClass" time="6.537" errors="0" timestamp="2024-06-02T20:14:13 IST" skipped="0">
  <testcase classname="api_Multiple_Req.BefClass" name="Test1" time="3.713"/>
  <testcase classname="api_Multiple_Req.BefClass" name="Test2" time="2.824"/>
</testsuite> <!-- api_Multiple_Req.BefClass -->
