<?xml version="1.0" encoding="UTF-8"?>
<!-- Generated by org.testng.reporters.JUnitReportReporter -->
<testsuite hostname="BANRAOAD-M" failures="0" tests="1" name="api_Multiple_Req.NonBDD" time="3.386" errors="0" timestamp="2024-06-11T11:34:13 IST" skipped="0">
  <testcase classname="api_Multiple_Req.NonBDD" name="Test1" time="3.386"/>
</testsuite> <!-- api_Multiple_Req.NonBDD -->
