<?xml version="1.0" encoding="UTF-8"?>
<!-- Generated by org.testng.reporters.JUnitReportReporter -->
<testsuite hostname="BANRAOAD-M" failures="0" tests="1" name="api_Multiple_Req.Multiple_Requests" time="4.513" errors="0" timestamp="2024-06-02T19:14:30 IST" skipped="0">
  <testcase classname="api_Multiple_Req.Multiple_Requests" name="get_Body" time="4.513"/>
</testsuite> <!-- api_Multiple_Req.Multiple_Requests -->
