<?xml version="1.0" encoding="UTF-8"?>
<!-- Generated by org.testng.reporters.JUnitReportReporter -->
<testsuite hostname="BANRAOAD-M" failures="0" tests="1" name="api_Multiple_Req.Payload_File" time="4.553" errors="0" timestamp="2024-06-12T19:50:34 IST" skipped="0">
  <testcase classname="api_Multiple_Req.Payload_File" name="Jsonfile" time="4.553"/>
</testsuite> <!-- api_Multiple_Req.Payload_File -->
